<?xml version="1.0" encoding="UTF-8"?>
<!-- Generated by org.testng.reporters.JUnitReportReporter -->
<testsuite hostname="PRINHYLTPDL1740" name="APITesting.com.org.api.PostRequestWithArrays" tests="1" failures="0" timestamp="19 Mar 2020 13:45:53 GMT" time="1.172" errors="0">
  <testcase name="test_01" time="1.172" classname="APITesting.com.org.api.PostRequestWithArrays"/>
</testsuite> <!-- APITesting.com.org.api.PostRequestWithArrays -->
