<?xml version="1.0" encoding="UTF-8"?>
<!-- Generated by org.testng.reporters.JUnitReportReporter -->
<testsuite hostname="PRINHYLTPDL1740" name="aaa.Testing" tests="1" failures="0" timestamp="17 Mar 2020 10:10:12 GMT" time="0.007" errors="0">
  <testcase name="m1" time="0.007" classname="aaa.Testing"/>
</testsuite> <!-- aaa.Testing -->
