<?xml version="1.0" encoding="UTF-8"?>
<!-- Generated by org.testng.reporters.JUnitReportReporter -->
<testsuite hostname="PRINHYLTPDL1740" name="APITesting.com.org.api.WeatherGetRequests" tests="1" failures="0" timestamp="17 Mar 2020 14:41:24 GMT" time="1.524" errors="0">
  <testcase name="test_08" time="1.524" classname="APITesting.com.org.api.WeatherGetRequests"/>
</testsuite> <!-- APITesting.com.org.api.WeatherGetRequests -->
