<?xml version="1.0" encoding="UTF-8"?>
<!-- Generated by org.testng.reporters.JUnitReportReporter -->
<testsuite hostname="PRINHYLTPDL1740" name="APITesting.com.org.api.JsonRequests" tests="2" failures="0" timestamp="19 Mar 2020 05:42:54 GMT" time="1.256" errors="0">
  <testcase name="test_01" time="0.034" classname="APITesting.com.org.api.JsonRequests"/>
  <testcase name="test_02" time="1.222" classname="APITesting.com.org.api.JsonRequests"/>
</testsuite> <!-- APITesting.com.org.api.JsonRequests -->
