<?xml version="1.0" encoding="UTF-8"?>
<!-- Generated by org.testng.reporters.JUnitReportReporter -->
<testsuite hostname="PRINHYLTPDL1740" name="APITesting.com.org.api.PostRequestByusingObjects" tests="1" failures="0" timestamp="19 Mar 2020 12:05:04 GMT" time="1.200" errors="0">
  <testcase name="test_01" time="1.200" classname="APITesting.com.org.api.PostRequestByusingObjects"/>
</testsuite> <!-- APITesting.com.org.api.PostRequestByusingObjects -->
