<?xml version="1.0" encoding="UTF-8"?>
<!-- Generated by org.testng.reporters.JUnitReportReporter -->
<testsuite hostname="PRINHYLTPDL1740" name="APITesting.com.org.api.PatchRequest" tests="1" failures="0" timestamp="19 Mar 2020 11:52:46 GMT" time="1.027" errors="0">
  <testcase name="test_01" time="1.027" classname="APITesting.com.org.api.PatchRequest"/>
</testsuite> <!-- APITesting.com.org.api.PatchRequest -->
