<?xml version="1.0" encoding="UTF-8"?>
<!-- Generated by org.testng.reporters.JUnitReportReporter -->
<testsuite hostname="PRINHYLTPDL1740" name="com.org.classesAdvancedEX._Posts" tests="1" failures="0" timestamp="19 Mar 2020 13:06:36 GMT" time="0.007" errors="0">
  <testcase name="test" time="0.007" classname="com.org.classesAdvancedEX._Posts"/>
</testsuite> <!-- com.org.classesAdvancedEX._Posts -->
